<?xml version="1.0" encoding="UTF-8"?>
<!-- Generated by org.testng.reporters.JUnitXMLReporter -->
<testsuite ignored="0" hostname="LAPTOP-RNSC04SI" failures="0" tests="17" name="Test" time="28.358" errors="0" timestamp="2023-07-25T14:19:05 IST">
  <testcase classname="com.cognizant.INB.Tests" name="elementCall_newBike" time="1.727"/>
  <testcase classname="com.cognizant.INB.Tests" name="elementCall_upcomingBikes" time="2.475"/>
  <testcase classname="com.cognizant.INB.Tests" name="elementCall_dropDown" time="0.692"/>
  <testcase classname="com.cognizant.INB.Tests" name="elementCall_hondaClick" time="1.419"/>
  <testcase classname="com.cognizant.INB.Tests" name="elementCall_hondaScroll" time="0.128"/>
  <testcase classname="com.cognizant.INB.Tests" name="elementCall_list" time="1.87"/>
  <testcase classname="com.cognizant.INB.Tests" name="useCar_home" time="4.737"/>
  <testcase classname="com.cognizant.INB.Tests" name="useCar_usedCar" time="0.198"/>
  <testcase classname="com.cognizant.INB.Tests" name="useCar_ChooseCity" time="3.345"/>
  <testcase classname="com.cognizant.INB.Tests" name="useCar_scroll" time="0.017"/>
  <testcase classname="com.cognizant.INB.Tests" name="useCar_list" time="0.689"/>
  <testcase classname="com.cognizant.INB.Tests" name="login_home" time="4.612"/>
  <testcase classname="com.cognizant.INB.Tests" name="loginClick" time="0.324"/>
  <testcase classname="com.cognizant.INB.Tests" name="googleClick" time="0.593"/>
  <testcase classname="com.cognizant.INB.Tests" name="windowHandle" time="0.034"/>
  <testcase classname="com.cognizant.INB.Tests" name="emailClick" time="1.851"/>
  <testcase classname="com.cognizant.INB.Tests" name="nextButton" time="3.516"/>
</testsuite> <!-- Test -->
